<?xml version="1.0" encoding="UTF-8"?>
<!-- Generated by org.testng.reporters.JUnitReportReporter -->
<testsuite hostname="LAPTOP-NGNI4STN" failures="0" tests="2" name="SampleEbay.ebayMaster" time="3.779" errors="0" timestamp="2024-02-19T22:44:27 IST" skipped="0">
  <testcase classname="SampleEbay.ebayMaster" name="test1" time="3.481"/>
  <testcase classname="SampleEbay.ebayMaster" name="test2" time="0.298"/>
</testsuite> <!-- SampleEbay.ebayMaster -->
