<?xml version="1.0" encoding="UTF-8"?>
<!-- Generated by org.testng.reporters.JUnitReportReporter -->
<testsuite hostname="LAPTOP-NGNI4STN" failures="0" tests="2" name="SampleEbay.ebayMaster" time="4.011" errors="0" timestamp="2024-02-19T22:59:22 IST" skipped="0">
  <testcase classname="SampleEbay.ebayMaster" name="test1" time="3.684"/>
  <testcase classname="SampleEbay.ebayMaster" name="test2" time="0.327"/>
</testsuite> <!-- SampleEbay.ebayMaster -->
