<?xml version="1.0" encoding="UTF-8"?>
<!-- Generated by org.testng.reporters.JUnitReportReporter -->
<testsuite hostname="LAPTOP-NGNI4STN" failures="0" tests="1" name="SampleEbay.ebayMaster" time="2.400" errors="0" timestamp="2024-02-19T21:35:25 IST" skipped="0">
  <testcase classname="SampleEbay.ebayMaster" name="test1" time="2.400"/>
</testsuite> <!-- SampleEbay.ebayMaster -->
